This is pdfTeX, Version 3.1415926-2.4-1.40.13 (TeX Live 2012/Debian) (format=pdflatex 2013.10.16)  17 OCT 2013 15:03
entering extended mode
 restricted \write18 enabled.
 %&-line parsing enabled.
**references.tex
(./references.tex
LaTeX2e <2011/06/27>
Babel <v3.8m> and hyphenation patterns for english, dumylang, nohyphenation, bu
lgarian, ukrainian, russian, loaded.
! Undefined control sequence.
<argument> ...ct \contentsline {chapter}{\bibname 
                                                  }{\thepage }}
l.1 \addcontentsline{toc}{chapter}{\bibname}
                                            	% Добавляем списо...
The control sequence at the end of the top line
of your error message was never \def'ed. If you have
misspelled it (e.g., `\hobx'), type `I' and the correct
spelling (e.g., `I\hbox'). Otherwise just continue,
and I'll forget about whatever was undefined.

\bibdata{biblio/base}
No file references.bbl.
)
! Emergency stop.
<*> references.tex
                  
*** (job aborted, no legal \end found)

 
Here is how much of TeX's memory you used:
 7 strings out of 494816
 156 string characters out of 3177877
 47775 words of memory out of 3000000
 3296 multiletter control sequences out of 15000+200000
 3640 words of font info for 14 fonts, out of 3000000 for 9000
 198 hyphenation exceptions out of 8191
 5i,0n,3p,136b,17s stack positions out of 5000i,500n,10000p,200000b,50000s
!  ==> Fatal error occurred, no output PDF file produced!
